17:24:50.963 [main] ERROR com.rodini.contestgen.Utils - propery value not found for property name: contest.format.4
17:33:33.673 [main] ERROR com.rodini.contestgen.Utils - propery value not found for property name: contest.format.4
17:35:10.618 [main] INFO  com.rodini.contestgen.ContestGen - Start of ContestGen app. Version: 1.1.0
17:35:10.688 [main] INFO  com.rodini.contestgen.Utils - properties file loaded from: ./resources/contestgen.properties
17:35:10.691 [main] INFO  com.rodini.contestgen.Utils - properties file loaded from: ./resources/contestgen.properties
17:35:10.692 [main] INFO  com.rodini.contestgen.Utils - properties file loaded from: ./resources/contestgen.properties
17:35:10.693 [main] INFO  com.rodini.contestgen.Utils - properties file loaded from: ./resources/contestgen.properties
17:35:10.694 [main] ERROR com.rodini.contestgen.Utils - propery value not found for property name: contest.format.4
17:35:10.694 [main] INFO  com.rodini.contestgen.ContestGen - Environment: PRODUCTION
17:35:10.762 [main] INFO  com.rodini.contestgen.ContestGen - writing file: ./contests/005_Atglen_contests.txt

17:35:10.771 [main] INFO  com.rodini.contestgen.ContestGen - writing file: ./contests/010_Avondale_contests.txt

17:35:10.778 [main] INFO  com.rodini.contestgen.ContestGen - writing file: ./contests/014_Birmingham_1_contests.txt

17:35:10.783 [main] INFO  com.rodini.contestgen.ContestGen - writing file: ./contests/015_Birmingham_2_contests.txt

17:35:10.791 [main] INFO  com.rodini.contestgen.ContestGen - writing file: ./contests/020_E_Bradford_N-1_contests.txt

17:35:10.805 [main] INFO  com.rodini.contestgen.ContestGen - writing file: ./contests/021_E_Bradford_N-2_contests.txt

17:35:10.811 [main] INFO  com.rodini.contestgen.ContestGen - writing file: ./contests/023_E_Bradford_S-1_contests.txt

17:35:10.815 [main] INFO  com.rodini.contestgen.ContestGen - writing file: ./contests/024_E_Bradford_S-2_contests.txt

17:35:10.821 [main] INFO  com.rodini.contestgen.ContestGen - writing file: ./contests/025_W_Bradford_1_contests.txt

17:35:10.826 [main] INFO  com.rodini.contestgen.ContestGen - writing file: ./contests/030_W_Bradford_2_contests.txt

17:35:10.829 [main] INFO  com.rodini.contestgen.ContestGen - writing file: ./contests/031_W_Bradford_3_contests.txt

17:35:10.834 [main] INFO  com.rodini.contestgen.ContestGen - writing file: ./contests/032_W_Bradford_4_contests.txt

17:35:10.838 [main] INFO  com.rodini.contestgen.ContestGen - writing file: ./contests/033_W_Bradford_5_contests.txt

17:35:10.843 [main] INFO  com.rodini.contestgen.ContestGen - writing file: ./contests/035_E_Brandywine_N-1_contests.txt

17:35:10.853 [main] INFO  com.rodini.contestgen.ContestGen - writing file: ./contests/036_E_Brandywine_N-2_contests.txt

17:35:10.859 [main] INFO  com.rodini.contestgen.ContestGen - writing file: ./contests/038_E_Brandywine_S_contests.txt

17:35:10.863 [main] INFO  com.rodini.contestgen.ContestGen - writing file: ./contests/040_W_Brandywine_E-1_contests.txt

17:35:10.869 [main] INFO  com.rodini.contestgen.ContestGen - writing file: ./contests/041_W_Brandywine_E-2_contests.txt

17:35:10.876 [main] INFO  com.rodini.contestgen.ContestGen - writing file: ./contests/043_W_Brandywine_W_contests.txt

17:35:10.882 [main] INFO  com.rodini.contestgen.ContestGen - writing file: ./contests/045_Caln_1_contests.txt

17:35:10.885 [main] INFO  com.rodini.contestgen.ContestGen - writing file: ./contests/050_Caln_2_contests.txt

17:35:10.889 [main] INFO  com.rodini.contestgen.ContestGen - writing file: ./contests/053_Caln_3_contests.txt

17:35:10.893 [main] INFO  com.rodini.contestgen.ContestGen - writing file: ./contests/054_Caln_4_contests.txt

17:35:10.898 [main] INFO  com.rodini.contestgen.ContestGen - writing file: ./contests/055_East_Caln_1_contests.txt

17:35:10.901 [main] INFO  com.rodini.contestgen.ContestGen - writing file: ./contests/056_East_Caln_2_contests.txt

17:35:10.909 [main] INFO  com.rodini.contestgen.ContestGen - writing file: ./contests/060_West_Caln_1_contests.txt

17:35:10.914 [main] INFO  com.rodini.contestgen.ContestGen - writing file: ./contests/061_West_Caln_2_contests.txt

17:35:10.918 [main] INFO  com.rodini.contestgen.ContestGen - writing file: ./contests/065_Charlestown_contests.txt

17:35:10.923 [main] INFO  com.rodini.contestgen.ContestGen - writing file: ./contests/070_Coatesville_1_contests.txt

17:35:10.927 [main] INFO  com.rodini.contestgen.ContestGen - writing file: ./contests/080_Coatesville_2_contests.txt

17:35:10.930 [main] INFO  com.rodini.contestgen.ContestGen - writing file: ./contests/090_Coatesville_3_contests.txt

17:35:10.933 [main] INFO  com.rodini.contestgen.ContestGen - writing file: ./contests/100_Coatesville_4-1_contests.txt

17:35:10.936 [main] INFO  com.rodini.contestgen.ContestGen - writing file: ./contests/110_Coatesville_4-2_contests.txt

17:35:10.943 [main] INFO  com.rodini.contestgen.ContestGen - writing file: ./contests/120_Coatesville_5_contests.txt

17:35:10.947 [main] INFO  com.rodini.contestgen.ContestGen - writing file: ./contests/140_S_Coatesville_contests.txt

17:35:10.949 [main] INFO  com.rodini.contestgen.ContestGen - writing file: ./contests/145_N_Coventry_E_contests.txt

17:35:10.951 [main] INFO  com.rodini.contestgen.ContestGen - writing file: ./contests/150_N_Coventry_M_contests.txt

17:35:10.954 [main] INFO  com.rodini.contestgen.ContestGen - writing file: ./contests/155_N_Coventry_W-1_contests.txt

17:35:10.957 [main] INFO  com.rodini.contestgen.ContestGen - writing file: ./contests/156_N_Coventry_W-2_contests.txt

17:35:10.960 [main] INFO  com.rodini.contestgen.ContestGen - writing file: ./contests/160_E_Coventry_1_contests.txt

17:35:10.962 [main] INFO  com.rodini.contestgen.ContestGen - writing file: ./contests/165_E_Coventry_2_contests.txt

17:35:10.964 [main] INFO  com.rodini.contestgen.ContestGen - writing file: ./contests/170_S_Coventry_contests.txt

17:35:10.967 [main] INFO  com.rodini.contestgen.ContestGen - writing file: ./contests/175_E_Downingtown_E_contests.txt

17:35:10.969 [main] INFO  com.rodini.contestgen.ContestGen - writing file: ./contests/180_E_Downingtown_W_contests.txt

17:35:10.972 [main] INFO  com.rodini.contestgen.ContestGen - writing file: ./contests/185_W_Downingtown_N_contests.txt

17:35:10.974 [main] INFO  com.rodini.contestgen.ContestGen - writing file: ./contests/190_W_Downingtown_S_contests.txt

17:35:10.977 [main] INFO  com.rodini.contestgen.ContestGen - writing file: ./contests/195_Easttown_1_contests.txt

17:35:10.980 [main] INFO  com.rodini.contestgen.ContestGen - writing file: ./contests/198_Easttown_2_contests.txt

17:35:10.983 [main] INFO  com.rodini.contestgen.ContestGen - writing file: ./contests/201_Easttown_3_contests.txt

17:35:10.985 [main] INFO  com.rodini.contestgen.ContestGen - writing file: ./contests/204_Easttown_4_contests.txt

17:35:10.988 [main] INFO  com.rodini.contestgen.ContestGen - writing file: ./contests/207_Easttown_5_contests.txt

17:35:10.991 [main] INFO  com.rodini.contestgen.ContestGen - writing file: ./contests/210_Easttown_6_contests.txt

17:35:10.993 [main] INFO  com.rodini.contestgen.ContestGen - writing file: ./contests/213_Easttown_7_contests.txt

17:35:10.995 [main] INFO  com.rodini.contestgen.ContestGen - writing file: ./contests/215_Elk_contests.txt

17:35:10.997 [main] INFO  com.rodini.contestgen.ContestGen - writing file: ./contests/220_Elverson_contests.txt

17:35:11.000 [main] INFO  com.rodini.contestgen.ContestGen - writing file: ./contests/225_E_Fallowfield_E_contests.txt

17:35:11.002 [main] INFO  com.rodini.contestgen.ContestGen - writing file: ./contests/230_E_Fallowfield_W_contests.txt

17:35:11.005 [main] INFO  com.rodini.contestgen.ContestGen - writing file: ./contests/235_W_Fallowfield_contests.txt

17:35:11.007 [main] INFO  com.rodini.contestgen.ContestGen - writing file: ./contests/240_Franklin_contests.txt

17:35:11.010 [main] INFO  com.rodini.contestgen.ContestGen - writing file: ./contests/243_E_Goshen_1_contests.txt

17:35:11.012 [main] INFO  com.rodini.contestgen.ContestGen - writing file: ./contests/244_E_Goshen_2_contests.txt

17:35:11.015 [main] INFO  com.rodini.contestgen.ContestGen - writing file: ./contests/245_E_Goshen_3_contests.txt

17:35:11.018 [main] INFO  com.rodini.contestgen.ContestGen - writing file: ./contests/246_E_Goshen_4_contests.txt

17:35:11.021 [main] INFO  com.rodini.contestgen.ContestGen - writing file: ./contests/247_E_Goshen_5_contests.txt

17:35:11.023 [main] INFO  com.rodini.contestgen.ContestGen - writing file: ./contests/248_E_Goshen_6_contests.txt

17:35:11.026 [main] INFO  com.rodini.contestgen.ContestGen - writing file: ./contests/249_E_Goshen_7_contests.txt

17:35:11.029 [main] INFO  com.rodini.contestgen.ContestGen - writing file: ./contests/250_E_Goshen_8_contests.txt

17:35:11.033 [main] INFO  com.rodini.contestgen.ContestGen - writing file: ./contests/251_E_Goshen_9_contests.txt

17:35:11.036 [main] INFO  com.rodini.contestgen.ContestGen - writing file: ./contests/255_W_Goshen_N-1_contests.txt

17:35:11.038 [main] INFO  com.rodini.contestgen.ContestGen - writing file: ./contests/260_W_Goshen_N-2_contests.txt

17:35:11.041 [main] INFO  com.rodini.contestgen.ContestGen - writing file: ./contests/261_W_Goshen_N-3_contests.txt

17:35:11.044 [main] INFO  com.rodini.contestgen.ContestGen - writing file: ./contests/262_W_Goshen_N-4_contests.txt

17:35:11.047 [main] INFO  com.rodini.contestgen.ContestGen - writing file: ./contests/265_W_Goshen_M-1_contests.txt

17:35:11.049 [main] INFO  com.rodini.contestgen.ContestGen - writing file: ./contests/270_W_Goshen_M-2_contests.txt

17:35:11.052 [main] INFO  com.rodini.contestgen.ContestGen - writing file: ./contests/275_W_Goshen_S-1_contests.txt

17:35:11.056 [main] INFO  com.rodini.contestgen.ContestGen - writing file: ./contests/280_W_Goshen_S-2_contests.txt

17:35:11.060 [main] INFO  com.rodini.contestgen.ContestGen - writing file: ./contests/285_W_Goshen_S-3_contests.txt

17:35:11.062 [main] INFO  com.rodini.contestgen.ContestGen - writing file: ./contests/286_W_Goshen_S-4_contests.txt

17:35:11.065 [main] INFO  com.rodini.contestgen.ContestGen - writing file: ./contests/290_Highland_contests.txt

17:35:11.067 [main] INFO  com.rodini.contestgen.ContestGen - writing file: ./contests/295_Honey_Brook_Borough_contests.txt

17:35:11.070 [main] INFO  com.rodini.contestgen.ContestGen - writing file: ./contests/300_Honey_Brook_Township_1_contests.txt

17:35:11.073 [main] INFO  com.rodini.contestgen.ContestGen - writing file: ./contests/301_Honey_Brook_Township_2_contests.txt

17:35:11.076 [main] INFO  com.rodini.contestgen.ContestGen - writing file: ./contests/305_Kennett_Square_N_contests.txt

17:35:11.078 [main] INFO  com.rodini.contestgen.ContestGen - writing file: ./contests/310_Kennett_Square_S-1_contests.txt

17:35:11.080 [main] INFO  com.rodini.contestgen.ContestGen - writing file: ./contests/315_Kennett_Square_S-2_contests.txt

17:35:11.083 [main] INFO  com.rodini.contestgen.ContestGen - writing file: ./contests/320_Kennett_Township_1_contests.txt

17:35:11.087 [main] INFO  com.rodini.contestgen.ContestGen - writing file: ./contests/325_Kennett_Township_2_contests.txt

17:35:11.089 [main] INFO  com.rodini.contestgen.ContestGen - writing file: ./contests/328_Kennett_Township_3_contests.txt

17:35:11.092 [main] INFO  com.rodini.contestgen.ContestGen - writing file: ./contests/329_Kennett_Township_4_contests.txt

17:35:11.094 [main] INFO  com.rodini.contestgen.ContestGen - writing file: ./contests/330_London_Britain_contests.txt

17:35:11.097 [main] INFO  com.rodini.contestgen.ContestGen - writing file: ./contests/335_Londonderry_contests.txt

17:35:11.100 [main] INFO  com.rodini.contestgen.ContestGen - writing file: ./contests/340_London_Grove_Ch_contests.txt

17:35:11.103 [main] INFO  com.rodini.contestgen.ContestGen - writing file: ./contests/345_London_Grove_S_contests.txt

17:35:11.106 [main] INFO  com.rodini.contestgen.ContestGen - writing file: ./contests/350_Malvern_contests.txt

17:35:11.108 [main] INFO  com.rodini.contestgen.ContestGen - writing file: ./contests/355_E_Marlborough_E_contests.txt

17:35:11.111 [main] INFO  com.rodini.contestgen.ContestGen - writing file: ./contests/356_E_Marlborough_S_-_01_contests.txt

17:35:11.114 [main] INFO  com.rodini.contestgen.ContestGen - writing file: ./contests/356_E_Marlborough_S_-_02_contests.txt

17:35:11.117 [main] INFO  com.rodini.contestgen.ContestGen - writing file: ./contests/360_E_Marlborough_W_contests.txt

17:35:11.119 [main] INFO  com.rodini.contestgen.ContestGen - writing file: ./contests/365_W_Marlborough_contests.txt

17:35:11.121 [main] INFO  com.rodini.contestgen.ContestGen - writing file: ./contests/370_Modena_contests.txt

17:35:11.124 [main] INFO  com.rodini.contestgen.ContestGen - writing file: ./contests/375_E_Nantmeal_contests.txt

17:35:11.126 [main] INFO  com.rodini.contestgen.ContestGen - writing file: ./contests/380_W_Nantmeal_contests.txt

17:35:11.128 [main] INFO  com.rodini.contestgen.ContestGen - writing file: ./contests/385_New_Garden_N_contests.txt

17:35:11.131 [main] INFO  com.rodini.contestgen.ContestGen - writing file: ./contests/390_New_Garden_S-1_contests.txt

17:35:11.133 [main] INFO  com.rodini.contestgen.ContestGen - writing file: ./contests/391_New_Garden_S-2_contests.txt

17:35:11.135 [main] INFO  com.rodini.contestgen.ContestGen - writing file: ./contests/395_New_London_contests.txt

17:35:11.138 [main] INFO  com.rodini.contestgen.ContestGen - writing file: ./contests/400_Newlin_contests.txt

17:35:11.140 [main] INFO  com.rodini.contestgen.ContestGen - writing file: ./contests/405_E_Nottingham_E_contests.txt

17:35:11.143 [main] INFO  com.rodini.contestgen.ContestGen - writing file: ./contests/406_E_Nottingham_W_contests.txt

17:35:11.145 [main] INFO  com.rodini.contestgen.ContestGen - writing file: ./contests/410_W_Nottingham_contests.txt

17:35:11.148 [main] INFO  com.rodini.contestgen.ContestGen - writing file: ./contests/415_Oxford_E_contests.txt

17:35:11.150 [main] INFO  com.rodini.contestgen.ContestGen - writing file: ./contests/420_Oxford_W_contests.txt

17:35:11.152 [main] INFO  com.rodini.contestgen.ContestGen - writing file: ./contests/425_Lower_Oxford_E_contests.txt

17:35:11.155 [main] INFO  com.rodini.contestgen.ContestGen - writing file: ./contests/430_Lower_Oxford_W_contests.txt

17:35:11.157 [main] INFO  com.rodini.contestgen.ContestGen - writing file: ./contests/435_Upper_Oxford_contests.txt

17:35:11.161 [main] INFO  com.rodini.contestgen.ContestGen - writing file: ./contests/440_Parkesburg_N_contests.txt

17:35:11.163 [main] INFO  com.rodini.contestgen.ContestGen - writing file: ./contests/445_Parkesburg_S_contests.txt

17:35:11.166 [main] INFO  com.rodini.contestgen.ContestGen - writing file: ./contests/450_Penn_contests.txt

17:35:11.169 [main] INFO  com.rodini.contestgen.ContestGen - writing file: ./contests/453_Pennsbury_N-1_contests.txt

17:35:11.171 [main] INFO  com.rodini.contestgen.ContestGen - writing file: ./contests/454_Pennsbury_N-2_contests.txt

17:35:11.174 [main] INFO  com.rodini.contestgen.ContestGen - writing file: ./contests/456_Pennsbury_S-1_contests.txt

17:35:11.177 [main] INFO  com.rodini.contestgen.ContestGen - writing file: ./contests/457_Pennsbury_S-2_contests.txt

17:35:11.179 [main] INFO  com.rodini.contestgen.ContestGen - writing file: ./contests/461_Phoenixville_N-1_contests.txt

17:35:11.182 [main] INFO  com.rodini.contestgen.ContestGen - writing file: ./contests/462_Phoenixville_N-2_contests.txt

17:35:11.185 [main] INFO  com.rodini.contestgen.ContestGen - writing file: ./contests/463_Phoenixville_N-3_contests.txt

17:35:11.188 [main] INFO  com.rodini.contestgen.ContestGen - writing file: ./contests/467_Phoenixville_M-1_-_01_contests.txt

17:35:11.190 [main] INFO  com.rodini.contestgen.ContestGen - writing file: ./contests/467_Phoenixville_M-1_-_02_contests.txt

17:35:11.192 [main] INFO  com.rodini.contestgen.ContestGen - writing file: ./contests/468_Phoenixville_M-2_contests.txt

17:35:11.198 [main] INFO  com.rodini.contestgen.ContestGen - writing file: ./contests/469_Phoenixville_M-3_contests.txt

17:35:11.201 [main] INFO  com.rodini.contestgen.ContestGen - writing file: ./contests/472_Phoenixville_E-1_contests.txt

17:35:11.204 [main] INFO  com.rodini.contestgen.ContestGen - writing file: ./contests/473_Phoenixville_E-2_contests.txt

17:35:11.209 [main] INFO  com.rodini.contestgen.ContestGen - writing file: ./contests/474_Phoenixville_E-3_contests.txt

17:35:11.215 [main] INFO  com.rodini.contestgen.ContestGen - writing file: ./contests/477_Phoenixville_W-1_contests.txt

17:35:11.217 [main] INFO  com.rodini.contestgen.ContestGen - writing file: ./contests/478_Phoenixville_W-2_contests.txt

17:35:11.221 [main] INFO  com.rodini.contestgen.ContestGen - writing file: ./contests/479_Phoenixville_W-3_contests.txt

17:35:11.225 [main] INFO  com.rodini.contestgen.ContestGen - writing file: ./contests/515_E_Pikeland_1_contests.txt

17:35:11.227 [main] INFO  com.rodini.contestgen.ContestGen - writing file: ./contests/520_E_Pikeland_2_contests.txt

17:35:11.230 [main] INFO  com.rodini.contestgen.ContestGen - writing file: ./contests/521_E_Pikeland_3_contests.txt

17:35:11.232 [main] INFO  com.rodini.contestgen.ContestGen - writing file: ./contests/525_W_Pikeland_contests.txt

17:35:11.235 [main] INFO  com.rodini.contestgen.ContestGen - writing file: ./contests/530_Pocopson_contests.txt

17:35:11.238 [main] INFO  com.rodini.contestgen.ContestGen - writing file: ./contests/535_Sadsbury_N_contests.txt

17:35:11.243 [main] INFO  com.rodini.contestgen.ContestGen - writing file: ./contests/540_Sadsbury_S_contests.txt

17:35:11.246 [main] INFO  com.rodini.contestgen.ContestGen - writing file: ./contests/545_W_Sadsbury_contests.txt

17:35:11.248 [main] INFO  com.rodini.contestgen.ContestGen - writing file: ./contests/550_Schuylkill_1_contests.txt

17:35:11.250 [main] INFO  com.rodini.contestgen.ContestGen - writing file: ./contests/555_Schuylkill_2_contests.txt

17:35:11.253 [main] INFO  com.rodini.contestgen.ContestGen - writing file: ./contests/556_Schuylkill_3_contests.txt

17:35:11.255 [main] INFO  com.rodini.contestgen.ContestGen - writing file: ./contests/558_Schuylkill_4_contests.txt

17:35:11.257 [main] INFO  com.rodini.contestgen.ContestGen - writing file: ./contests/560_Spring_City_1_contests.txt

17:35:11.259 [main] INFO  com.rodini.contestgen.ContestGen - writing file: ./contests/565_Spring_City_2_contests.txt

17:35:11.262 [main] INFO  com.rodini.contestgen.ContestGen - writing file: ./contests/570_Spring_City_3_contests.txt

17:35:11.264 [main] INFO  com.rodini.contestgen.ContestGen - writing file: ./contests/575_Spring_City_4_contests.txt

17:35:11.266 [main] INFO  com.rodini.contestgen.ContestGen - writing file: ./contests/580_Thornbury_1_contests.txt

17:35:11.269 [main] INFO  com.rodini.contestgen.ContestGen - writing file: ./contests/581_Thornbury_2_contests.txt

17:35:11.272 [main] INFO  com.rodini.contestgen.ContestGen - writing file: ./contests/585_Tredyffrin_E-1_contests.txt

17:35:11.274 [main] INFO  com.rodini.contestgen.ContestGen - writing file: ./contests/590_Tredyffrin_E-2_contests.txt

17:35:11.277 [main] INFO  com.rodini.contestgen.ContestGen - writing file: ./contests/595_Tredyffrin_E-3_contests.txt

17:35:11.279 [main] INFO  com.rodini.contestgen.ContestGen - writing file: ./contests/600_Tredyffrin_E-4_contests.txt

17:35:11.282 [main] INFO  com.rodini.contestgen.ContestGen - writing file: ./contests/605_Tredyffrin_E-5_contests.txt

17:35:11.284 [main] INFO  com.rodini.contestgen.ContestGen - writing file: ./contests/614_Tredyffrin_M-1_contests.txt

17:35:11.286 [main] INFO  com.rodini.contestgen.ContestGen - writing file: ./contests/615_Tredyffrin_M-2_contests.txt

17:35:11.289 [main] INFO  com.rodini.contestgen.ContestGen - writing file: ./contests/616_Tredyffrin_M-3_contests.txt

17:35:11.292 [main] INFO  com.rodini.contestgen.ContestGen - writing file: ./contests/617_Tredyffrin_M-4_contests.txt

17:35:11.295 [main] INFO  com.rodini.contestgen.ContestGen - writing file: ./contests/618_Tredyffrin_M-5_contests.txt

17:35:11.297 [main] INFO  com.rodini.contestgen.ContestGen - writing file: ./contests/619_Tredyffrin_M-6_contests.txt

17:35:11.299 [main] INFO  com.rodini.contestgen.ContestGen - writing file: ./contests/620_Tredyffrin_M-7_contests.txt

17:35:11.302 [main] INFO  com.rodini.contestgen.ContestGen - writing file: ./contests/630_Tredyffrin_W-1_contests.txt

17:35:11.304 [main] INFO  com.rodini.contestgen.ContestGen - writing file: ./contests/635_Tredyffrin_W-2_contests.txt

17:35:11.306 [main] INFO  com.rodini.contestgen.ContestGen - writing file: ./contests/640_Tredyffrin_W-3_contests.txt

17:35:11.309 [main] INFO  com.rodini.contestgen.ContestGen - writing file: ./contests/645_Tredyffrin_W-4_contests.txt

17:35:11.311 [main] INFO  com.rodini.contestgen.ContestGen - writing file: ./contests/647_Tredyffrin_W-5_contests.txt

17:35:11.314 [main] INFO  com.rodini.contestgen.ContestGen - writing file: ./contests/653_Uwchlan_1_contests.txt

17:35:11.316 [main] INFO  com.rodini.contestgen.ContestGen - writing file: ./contests/654_Uwchlan_2_contests.txt

17:35:11.318 [main] INFO  com.rodini.contestgen.ContestGen - writing file: ./contests/655_Uwchlan_3_contests.txt

17:35:11.321 [main] INFO  com.rodini.contestgen.ContestGen - writing file: ./contests/656_Uwchlan_4_contests.txt

17:35:11.323 [main] INFO  com.rodini.contestgen.ContestGen - writing file: ./contests/657_Uwchlan_5_contests.txt

17:35:11.325 [main] INFO  com.rodini.contestgen.ContestGen - writing file: ./contests/658_Uwchlan_6_contests.txt

17:35:11.327 [main] INFO  com.rodini.contestgen.ContestGen - writing file: ./contests/659_Uwchlan_7_contests.txt

17:35:11.330 [main] INFO  com.rodini.contestgen.ContestGen - writing file: ./contests/660_Uwchlan_8_contests.txt

17:35:11.332 [main] INFO  com.rodini.contestgen.ContestGen - writing file: ./contests/661_Uwchlan_9_contests.txt

17:35:11.334 [main] INFO  com.rodini.contestgen.ContestGen - writing file: ./contests/665_Upper_Uwchlan_1_contests.txt

17:35:11.336 [main] INFO  com.rodini.contestgen.ContestGen - writing file: ./contests/666_Upper_Uwchlan_2_contests.txt

17:35:11.339 [main] INFO  com.rodini.contestgen.ContestGen - writing file: ./contests/667_Upper_Uwchlan_3_contests.txt

17:35:11.342 [main] INFO  com.rodini.contestgen.ContestGen - writing file: ./contests/670_Valley_N-1_contests.txt

17:35:11.344 [main] INFO  com.rodini.contestgen.ContestGen - writing file: ./contests/671_Valley_N-2_contests.txt

17:35:11.346 [main] INFO  com.rodini.contestgen.ContestGen - writing file: ./contests/672_Valley_N-3_contests.txt

17:35:11.349 [main] INFO  com.rodini.contestgen.ContestGen - writing file: ./contests/675_Valley_S_contests.txt

17:35:11.353 [main] INFO  com.rodini.contestgen.ContestGen - writing file: ./contests/680_E_Vincent_1_contests.txt

17:35:11.355 [main] INFO  com.rodini.contestgen.ContestGen - writing file: ./contests/681_E_Vincent_2_contests.txt

17:35:11.358 [main] INFO  com.rodini.contestgen.ContestGen - writing file: ./contests/682_E_Vincent_3_contests.txt

17:35:11.361 [main] INFO  com.rodini.contestgen.ContestGen - writing file: ./contests/683_E_Vincent_4_contests.txt

17:35:11.364 [main] INFO  com.rodini.contestgen.ContestGen - writing file: ./contests/690_W_Vincent_1_contests.txt

17:35:11.367 [main] INFO  com.rodini.contestgen.ContestGen - writing file: ./contests/693_W_Vincent_2_contests.txt

17:35:11.370 [main] INFO  com.rodini.contestgen.ContestGen - writing file: ./contests/695_Wallace_contests.txt

17:35:11.372 [main] INFO  com.rodini.contestgen.ContestGen - writing file: ./contests/700_Warwick_E_contests.txt

17:35:11.375 [main] INFO  com.rodini.contestgen.ContestGen - writing file: ./contests/705_Warwick_W_contests.txt

17:35:11.377 [main] INFO  com.rodini.contestgen.ContestGen - writing file: ./contests/710_West_Grove_1_contests.txt

17:35:11.379 [main] INFO  com.rodini.contestgen.ContestGen - writing file: ./contests/715_West_Grove_2_contests.txt

17:35:11.381 [main] INFO  com.rodini.contestgen.ContestGen - writing file: ./contests/720_Westtown_1_contests.txt

17:35:11.384 [main] INFO  com.rodini.contestgen.ContestGen - writing file: ./contests/725_Westtown_2_contests.txt

17:35:11.386 [main] INFO  com.rodini.contestgen.ContestGen - writing file: ./contests/730_Westtown_3_contests.txt

17:35:11.389 [main] INFO  com.rodini.contestgen.ContestGen - writing file: ./contests/733_Westtown_4_contests.txt

17:35:11.392 [main] INFO  com.rodini.contestgen.ContestGen - writing file: ./contests/734_Westtown_5_contests.txt

17:35:11.394 [main] INFO  com.rodini.contestgen.ContestGen - writing file: ./contests/735_E_Whiteland_1_contests.txt

17:35:11.396 [main] INFO  com.rodini.contestgen.ContestGen - writing file: ./contests/740_E_Whiteland_2_contests.txt

17:35:11.399 [main] INFO  com.rodini.contestgen.ContestGen - writing file: ./contests/745_E_Whiteland_3_contests.txt

17:35:11.401 [main] INFO  com.rodini.contestgen.ContestGen - writing file: ./contests/750_E_Whiteland_4_contests.txt

17:35:11.403 [main] INFO  com.rodini.contestgen.ContestGen - writing file: ./contests/752_E_Whiteland_5_contests.txt

17:35:11.406 [main] INFO  com.rodini.contestgen.ContestGen - writing file: ./contests/754_E_Whiteland_6_contests.txt

17:35:11.408 [main] INFO  com.rodini.contestgen.ContestGen - writing file: ./contests/759_W_Whiteland_1_contests.txt

17:35:11.410 [main] INFO  com.rodini.contestgen.ContestGen - writing file: ./contests/760_W_Whiteland_2_contests.txt

17:35:11.413 [main] INFO  com.rodini.contestgen.ContestGen - writing file: ./contests/761_W_Whiteland_3_contests.txt

17:35:11.416 [main] INFO  com.rodini.contestgen.ContestGen - writing file: ./contests/762_W_Whiteland_4_contests.txt

17:35:11.419 [main] INFO  com.rodini.contestgen.ContestGen - writing file: ./contests/763_W_Whiteland_5_contests.txt

17:35:11.421 [main] INFO  com.rodini.contestgen.ContestGen - writing file: ./contests/764_W_Whiteland_6_contests.txt

17:35:11.423 [main] INFO  com.rodini.contestgen.ContestGen - writing file: ./contests/765_W_Whiteland_7_contests.txt

17:35:11.425 [main] INFO  com.rodini.contestgen.ContestGen - writing file: ./contests/770_Willistown_N-1_contests.txt

17:35:11.428 [main] INFO  com.rodini.contestgen.ContestGen - writing file: ./contests/775_Willistown_N-2_contests.txt

17:35:11.430 [main] INFO  com.rodini.contestgen.ContestGen - writing file: ./contests/780_Willistown_N-3_contests.txt

17:35:11.432 [main] INFO  com.rodini.contestgen.ContestGen - writing file: ./contests/785_Willistown_N-4_contests.txt

17:35:11.435 [main] INFO  com.rodini.contestgen.ContestGen - writing file: ./contests/790_Willistown_N-5_contests.txt

17:35:11.437 [main] INFO  com.rodini.contestgen.ContestGen - writing file: ./contests/795_Willistown_N-6_contests.txt

17:35:11.439 [main] INFO  com.rodini.contestgen.ContestGen - writing file: ./contests/800_Willistown_S-1_contests.txt

17:35:11.442 [main] INFO  com.rodini.contestgen.ContestGen - writing file: ./contests/805_Willistown_S-2_contests.txt

17:35:11.444 [main] INFO  com.rodini.contestgen.ContestGen - writing file: ./contests/806_Willistown_S-3_contests.txt

17:35:11.447 [main] INFO  com.rodini.contestgen.ContestGen - writing file: ./contests/810_West_Chester_1_contests.txt

17:35:11.451 [main] INFO  com.rodini.contestgen.ContestGen - writing file: ./contests/820_West_Chester_2-E_contests.txt

17:35:11.456 [main] INFO  com.rodini.contestgen.ContestGen - writing file: ./contests/825_West_Chester_2-W_contests.txt

17:35:11.459 [main] INFO  com.rodini.contestgen.ContestGen - writing file: ./contests/835_West_Chester_3_contests.txt

17:35:11.462 [main] INFO  com.rodini.contestgen.ContestGen - writing file: ./contests/842_West_Chester_4_contests.txt

17:35:11.464 [main] INFO  com.rodini.contestgen.ContestGen - writing file: ./contests/846_West_Chester_5_contests.txt

17:35:11.466 [main] INFO  com.rodini.contestgen.ContestGen - writing file: ./contests/850_West_Chester_6_contests.txt

17:35:11.469 [main] INFO  com.rodini.contestgen.ContestGen - writing file: ./contests/860_West_Chester_7_contests.txt

17:35:11.469 [main] INFO  com.rodini.contestgen.ContestGen - writing file: ./contests/common_contests.txt

17:35:11.470 [main] INFO  com.rodini.contestgen.ContestGen - End of ContestGen app.
